2021-01-26 18:27:09,805  INFO [main] nopCommerce:31 - *************Launching browser****************
2021-01-26 18:27:09,818  INFO [main] nopCommerce:38 - *************Launching URL****************
2021-01-26 18:27:11,407  INFO [main] nopCommerce:50 - *************Providing credentials****************
2021-01-26 18:27:11,637  INFO [main] nopCommerce:60 - *************Started login****************
2021-01-26 18:27:21,403  INFO [main] nopCommerce:129 - *************Adding a new customer****************
2021-01-26 18:27:26,315  INFO [main] nopCommerce:145 - *************Providing customer details****************
2021-01-26 18:27:33,112  INFO [main] nopCommerce:168 - *************Saving a new customer****************
2021-01-26 18:27:37,026  INFO [main] nopCommerce:97 - *************Closing the session****************
2021-01-26 18:27:38,403  INFO [main] nopCommerce:31 - *************Launching browser****************
2021-01-26 18:27:38,404  INFO [main] nopCommerce:38 - *************Launching URL****************
2021-01-26 18:27:40,026  INFO [main] nopCommerce:50 - *************Providing credentials****************
2021-01-26 18:27:40,320  INFO [main] nopCommerce:60 - *************Started login****************
2021-01-26 18:27:49,327  INFO [main] nopCommerce:187 - *************Searching customer by email****************
2021-01-26 18:27:52,738  INFO [main] nopCommerce:97 - *************Closing the session****************
2021-01-26 18:27:54,640  INFO [main] nopCommerce:31 - *************Launching browser****************
2021-01-26 18:27:54,641  INFO [main] nopCommerce:38 - *************Launching URL****************
2021-01-26 18:27:56,487  INFO [main] nopCommerce:50 - *************Providing credentials****************
2021-01-26 18:27:56,840  INFO [main] nopCommerce:60 - *************Started login****************
2021-01-26 18:28:06,645  INFO [main] nopCommerce:212 - *************Searching customer by firstName****************
2021-01-26 18:28:10,050  INFO [main] nopCommerce:97 - *************Closing the session****************
2021-01-26 18:47:40,215  INFO [main] nopCommerce:76 - *************Launching browser****************
2021-01-26 18:47:40,286  INFO [main] nopCommerce:89 - *************Launching URL****************
2021-01-26 18:47:42,443  INFO [main] nopCommerce:99 - *************Providing credentials****************
2021-01-26 18:47:42,871  INFO [main] nopCommerce:109 - *************Started login****************
2021-01-26 18:47:54,615  INFO [main] nopCommerce:178 - *************Adding a new customer****************
2021-01-26 18:47:59,631  INFO [main] nopCommerce:194 - *************Providing customer details****************
2021-01-26 18:48:07,110  INFO [main] nopCommerce:217 - *************Saving a new customer****************
2021-01-26 18:48:11,142  INFO [main] nopCommerce:146 - *************Closing the session****************
2021-01-26 18:48:13,408  INFO [main] nopCommerce:76 - *************Launching browser****************
2021-01-26 18:48:13,420  INFO [main] nopCommerce:89 - *************Launching URL****************
2021-01-26 18:48:14,976  INFO [main] nopCommerce:99 - *************Providing credentials****************
2021-01-26 18:48:15,390  INFO [main] nopCommerce:109 - *************Started login****************
2021-01-26 18:48:26,015  INFO [main] nopCommerce:236 - *************Searching customer by email****************
2021-01-26 18:48:29,750  INFO [main] nopCommerce:146 - *************Closing the session****************
2021-01-26 18:48:32,024  INFO [main] nopCommerce:76 - *************Launching browser****************
2021-01-26 18:48:32,094  INFO [main] nopCommerce:89 - *************Launching URL****************
2021-01-26 18:48:33,705  INFO [main] nopCommerce:99 - *************Providing credentials****************
2021-01-26 18:48:34,170  INFO [main] nopCommerce:109 - *************Started login****************
2021-01-26 18:48:43,408  INFO [main] nopCommerce:261 - *************Searching customer by firstName****************
2021-01-26 18:48:47,027  INFO [main] nopCommerce:146 - *************Closing the session****************
2021-01-26 18:52:32,427  INFO [main] nopCommerce:76 - *************Launching browser****************
2021-01-26 18:52:32,508  INFO [main] nopCommerce:89 - *************Launching URL****************
2021-01-26 18:52:34,026  INFO [main] nopCommerce:99 - *************Providing credentials****************
2021-01-26 18:52:34,248  INFO [main] nopCommerce:109 - *************Started login****************
2021-01-26 18:52:43,362  INFO [main] nopCommerce:178 - *************Adding a new customer****************
2021-01-26 18:52:46,132  INFO [main] nopCommerce:194 - *************Providing customer details****************
2021-01-26 18:52:52,971  INFO [main] nopCommerce:217 - *************Saving a new customer****************
2021-01-26 18:52:56,250  INFO [main] nopCommerce:146 - *************Closing the session****************
2021-01-26 19:01:22,599  INFO [main] nopCommerce:76 - *************Launching browser****************
2021-01-26 19:01:22,628  INFO [main] nopCommerce:89 - *************Launching URL****************
2021-01-26 19:01:24,158  INFO [main] nopCommerce:99 - *************Providing credentials****************
2021-01-26 19:01:24,372  INFO [main] nopCommerce:109 - *************Started login****************
2021-01-26 19:01:33,943  INFO [main] nopCommerce:178 - *************Adding a new customer****************
2021-01-26 19:01:36,674  INFO [main] nopCommerce:194 - *************Providing customer details****************
2021-01-26 19:01:43,481  INFO [main] nopCommerce:217 - *************Saving a new customer****************
2021-01-26 19:01:46,784  INFO [main] nopCommerce:146 - *************Closing the session****************
2021-01-26 19:01:48,653  INFO [main] nopCommerce:76 - *************Launching browser****************
2021-01-26 19:01:48,683  INFO [main] nopCommerce:89 - *************Launching URL****************
2021-01-26 19:01:50,056  INFO [main] nopCommerce:99 - *************Providing credentials****************
2021-01-26 19:01:50,252  INFO [main] nopCommerce:109 - *************Started login****************
2021-01-26 19:01:59,079  INFO [main] nopCommerce:236 - *************Searching customer by email****************
2021-01-26 19:02:02,341  INFO [main] nopCommerce:146 - *************Closing the session****************
2021-01-26 19:02:03,409  INFO [main] nopCommerce:76 - *************Launching browser****************
2021-01-26 19:02:03,459  INFO [main] nopCommerce:89 - *************Launching URL****************
2021-01-26 19:02:04,821  INFO [main] nopCommerce:99 - *************Providing credentials****************
2021-01-26 19:02:05,029  INFO [main] nopCommerce:109 - *************Started login****************
2021-01-26 19:02:13,651  INFO [main] nopCommerce:261 - *************Searching customer by firstName****************
2021-01-26 19:02:16,987  INFO [main] nopCommerce:146 - *************Closing the session****************
2021-01-26 19:02:18,416  INFO [main] nopCommerce:76 - *************Launching browser****************
2021-01-26 19:02:18,418  INFO [main] nopCommerce:89 - *************Launching URL****************
2021-01-26 19:02:19,867  INFO [main] nopCommerce:99 - *************Providing credentials****************
2021-01-26 19:02:20,130  INFO [main] nopCommerce:109 - *************Started login****************
2021-01-26 19:02:23,147  INFO [main] nopCommerce:125 - *************Login failed****************
2021-01-26 19:02:26,220  INFO [main] nopCommerce:137 - *************Clicking on Logout link****************
2021-01-26 19:02:30,263  INFO [main] nopCommerce:125 - *************Login failed****************
2021-01-26 19:02:33,275  INFO [main] nopCommerce:146 - *************Closing the session****************
2021-01-26 19:02:34,449  INFO [main] nopCommerce:76 - *************Launching browser****************
2021-01-26 19:02:34,450  INFO [main] nopCommerce:89 - *************Launching URL****************
2021-01-26 19:02:35,829  INFO [main] nopCommerce:99 - *************Providing credentials****************
2021-01-26 19:02:36,050  INFO [main] nopCommerce:109 - *************Started login****************
2021-01-26 19:02:38,674  INFO [main] nopCommerce:125 - *************Login failed****************
2021-01-26 19:02:41,681  INFO [main] nopCommerce:137 - *************Clicking on Logout link****************
2021-01-26 19:02:45,690  INFO [main] nopCommerce:125 - *************Login failed****************
2021-01-26 19:02:48,697  INFO [main] nopCommerce:146 - *************Closing the session****************
2021-01-26 19:02:49,698  INFO [main] nopCommerce:76 - *************Launching browser****************
2021-01-26 19:02:49,699  INFO [main] nopCommerce:89 - *************Launching URL****************
2021-01-26 19:02:51,062  INFO [main] nopCommerce:99 - *************Providing credentials****************
2021-01-26 19:02:51,305  INFO [main] nopCommerce:109 - *************Started login****************
2021-01-26 19:02:51,736  INFO [main] nopCommerce:121 - *************Login passed****************
2021-01-26 19:02:54,741  INFO [main] nopCommerce:137 - *************Clicking on Logout link****************
